2015-04-20 09:05:06 Error: [Cake\Routing\Exception\MissingControllerException] Controller class Recipes.json could not be found.
Exception Attributes: array (
  'class' => 'Recipes.json',
  'plugin' => NULL,
  'prefix' => NULL,
  '_ext' => NULL,
)
Request URL: /recipes.json
Stack Trace:
#0 /home/vagrant/Apps/application-examples/blog-how-to-add-jwt-authentication-to-a-cakephp-3-rest-api/webroot/index.php(37): Cake\Routing\Dispatcher->dispatch(Object(Cake\Network\Request), Object(Cake\Network\Response))
#1 {main}


2015-04-20 09:05:15 Error: [Cake\Routing\Exception\MissingControllerException] Controller class Cocktails.json could not be found.
Exception Attributes: array (
  'class' => 'Cocktails.json',
  'plugin' => NULL,
  'prefix' => NULL,
  '_ext' => NULL,
)
Request URL: /cocktails.json
Stack Trace:
#0 /home/vagrant/Apps/application-examples/blog-how-to-add-jwt-authentication-to-a-cakephp-3-rest-api/webroot/index.php(37): Cake\Routing\Dispatcher->dispatch(Object(Cake\Network\Request), Object(Cake\Network\Response))
#1 {main}


